android/app/build/intermediates/manifest_merge_blame_file/debug/manifest-merger-blame-debug-report.txt
1<?xml version="1.0" encoding="utf-8"?>
2<manifest xmlns:android="http://schemas.android.com/apk/res/android"
3    package="com.speakbridge"
4    android:versionCode="1"
5    android:versionName="1.0" >
6
7    <uses-sdk
8        android:minSdkVersion="21"
9        android:targetSdkVersion="34" />
10
11    <uses-permission android:name="android.permission.INTERNET" />
11-->src\main\AndroidManifest.xml:3:5-67
11-->src\main\AndroidManifest.xml:3:22-64
12
13    <queries>
13-->[:react-native-image-crop-picker] AndroidManifest.xml:7:5-11:15
14        <intent>
14-->[:react-native-image-crop-picker] AndroidManifest.xml:8:9-10:18
15            <action android:name="android.media.action.IMAGE_CAPTURE" />
15-->[:react-native-image-crop-picker] AndroidManifest.xml:9:13-73
15-->[:react-native-image-crop-picker] AndroidManifest.xml:9:21-70
16        </intent>
17    </queries>
18
19    <uses-permission android:name="android.permission.WRITE_EXTERNAL_STORAGE" />
19-->[:react-native-image-crop-picker] AndroidManifest.xml:13:5-81
19-->[:react-native-image-crop-picker] AndroidManifest.xml:13:22-78
20    <uses-permission android:name="android.permission.READ_EXTERNAL_STORAGE" />
21    <!--
22    This manifest file is used only by Gradle to configure debug-only capabilities
23    for React Native Apps.
24    -->
25    <uses-permission android:name="android.permission.SYSTEM_ALERT_WINDOW" />
25-->[com.facebook.react:react-android:0.73.6] AndroidManifest.xml:16:5-78
25-->[com.facebook.react:react-android:0.73.6] AndroidManifest.xml:16:22-75
26    <uses-permission android:name="android.permission.ACCESS_WIFI_STATE" />
26-->[com.facebook.flipper:flipper:0.201.0] AndroidManifest.xml:14:5-76
26-->[com.facebook.flipper:flipper:0.201.0] AndroidManifest.xml:14:22-73
27
28    <permission
28-->[androidx.core:core:1.9.0] AndroidManifest.xml:22:5-24:47
29        android:name="com.speakbridge.DYNAMIC_RECEIVER_NOT_EXPORTED_PERMISSION"
29-->[androidx.core:core:1.9.0] AndroidManifest.xml:23:9-81
30        android:protectionLevel="signature" />
30-->[androidx.core:core:1.9.0] AndroidManifest.xml:24:9-44
31
32    <uses-permission android:name="com.speakbridge.DYNAMIC_RECEIVER_NOT_EXPORTED_PERMISSION" />
32-->[androidx.core:core:1.9.0] AndroidManifest.xml:26:5-97
32-->[androidx.core:core:1.9.0] AndroidManifest.xml:26:22-94
33
34    <application
34-->src\main\AndroidManifest.xml:5:5-24:19
35        android:name="com.speakbridge.MainApplication"
35-->src\main\AndroidManifest.xml:6:7-38
36        android:allowBackup="false"
36-->src\main\AndroidManifest.xml:10:7-34
37        android:appComponentFactory="androidx.core.app.CoreComponentFactory"
37-->[androidx.core:core:1.9.0] AndroidManifest.xml:28:18-86
38        android:debuggable="true"
39        android:extractNativeLibs="true"
40        android:icon="@mipmap/ic_launcher"
40-->src\main\AndroidManifest.xml:8:7-41
41        android:label="@string/app_name"
41-->src\main\AndroidManifest.xml:7:7-39
42        android:roundIcon="@mipmap/ic_launcher_round"
42-->src\main\AndroidManifest.xml:9:7-52
43        android:theme="@style/AppTheme"
43-->src\main\AndroidManifest.xml:11:7-38
44        android:usesCleartextTraffic="true" >
44-->src\debug\AndroidManifest.xml:6:9-44
45        <activity
45-->src\main\AndroidManifest.xml:12:7-23:18
46            android:name="com.speakbridge.MainActivity"
46-->src\main\AndroidManifest.xml:13:9-37
47            android:configChanges="keyboard|keyboardHidden|orientation|screenLayout|screenSize|smallestScreenSize|uiMode"
47-->src\main\AndroidManifest.xml:15:9-118
48            android:exported="true"
48-->src\main\AndroidManifest.xml:18:9-32
49            android:label="@string/app_name"
49-->src\main\AndroidManifest.xml:14:9-41
50            android:launchMode="singleTask"
50-->src\main\AndroidManifest.xml:16:9-40
51            android:windowSoftInputMode="adjustResize" >
51-->src\main\AndroidManifest.xml:17:9-51
52            <intent-filter>
52-->src\main\AndroidManifest.xml:19:9-22:25
53                <action android:name="android.intent.action.MAIN" />
53-->src\main\AndroidManifest.xml:20:13-65
53-->src\main\AndroidManifest.xml:20:21-62
54
55                <category android:name="android.intent.category.LAUNCHER" />
55-->src\main\AndroidManifest.xml:21:13-73
55-->src\main\AndroidManifest.xml:21:23-70
56            </intent-filter>
57        </activity>
58
59        <provider
59-->[:react-native-image-crop-picker] AndroidManifest.xml:16:9-24:20
60            android:name="com.reactnative.ivpusic.imagepicker.IvpusicImagePickerFileProvider"
60-->[:react-native-image-crop-picker] AndroidManifest.xml:17:13-94
61            android:authorities="com.speakbridge.provider"
61-->[:react-native-image-crop-picker] AndroidManifest.xml:18:13-60
62            android:exported="false"
62-->[:react-native-image-crop-picker] AndroidManifest.xml:19:13-37
63            android:grantUriPermissions="true" >
63-->[:react-native-image-crop-picker] AndroidManifest.xml:20:13-47
64            <meta-data
64-->[:react-native-image-crop-picker] AndroidManifest.xml:21:13-23:78
65                android:name="android.support.FILE_PROVIDER_PATHS"
65-->[:react-native-image-crop-picker] AndroidManifest.xml:22:17-67
66                android:resource="@xml/ivpusic_imagepicker_provider_paths" />
66-->[:react-native-image-crop-picker] AndroidManifest.xml:23:17-75
67        </provider>
68
69        <activity
69-->[:react-native-image-crop-picker] AndroidManifest.xml:26:9-28:72
70            android:name="com.yalantis.ucrop.UCropActivity"
70-->[:react-native-image-crop-picker] AndroidManifest.xml:27:13-60
71            android:theme="@style/Theme.AppCompat.Light.NoActionBar" />
71-->[:react-native-image-crop-picker] AndroidManifest.xml:28:13-69
72        <activity
72-->[com.facebook.react:react-android:0.73.6] AndroidManifest.xml:19:9-21:40
73            android:name="com.facebook.react.devsupport.DevSettingsActivity"
73-->[com.facebook.react:react-android:0.73.6] AndroidManifest.xml:20:13-77
74            android:exported="false" />
74-->[com.facebook.react:react-android:0.73.6] AndroidManifest.xml:21:13-37
75
76        <provider
76-->[androidx.emoji2:emoji2:1.2.0] AndroidManifest.xml:24:9-32:20
77            android:name="androidx.startup.InitializationProvider"
77-->[androidx.emoji2:emoji2:1.2.0] AndroidManifest.xml:25:13-67
78            android:authorities="com.speakbridge.androidx-startup"
78-->[androidx.emoji2:emoji2:1.2.0] AndroidManifest.xml:26:13-68
79            android:exported="false" >
79-->[androidx.emoji2:emoji2:1.2.0] AndroidManifest.xml:27:13-37
80            <meta-data
80-->[androidx.emoji2:emoji2:1.2.0] AndroidManifest.xml:29:13-31:52
81                android:name="androidx.emoji2.text.EmojiCompatInitializer"
81-->[androidx.emoji2:emoji2:1.2.0] AndroidManifest.xml:30:17-75
82                android:value="androidx.startup" />
82-->[androidx.emoji2:emoji2:1.2.0] AndroidManifest.xml:31:17-49
83            <meta-data
83-->[androidx.lifecycle:lifecycle-process:2.4.1] AndroidManifest.xml:31:13-33:52
84                android:name="androidx.lifecycle.ProcessLifecycleInitializer"
84-->[androidx.lifecycle:lifecycle-process:2.4.1] AndroidManifest.xml:32:17-78
85                android:value="androidx.startup" />
85-->[androidx.lifecycle:lifecycle-process:2.4.1] AndroidManifest.xml:33:17-49
86        </provider>
87
88        <meta-data
88-->[com.facebook.soloader:soloader:0.10.5] AndroidManifest.xml:12:9-14:37
89            android:name="com.facebook.soloader.enabled"
89-->[com.facebook.soloader:soloader:0.10.5] AndroidManifest.xml:13:13-57
90            android:value="false" />
90-->[com.facebook.soloader:soloader:0.10.5] AndroidManifest.xml:14:13-34
91    </application>
92
93</manifest>